SF:lib\features\auth\domain\repositories\network_auth_repository.dart
DA:8,1
DA:10,1
DA:17,2
DA:19,1
DA:23,1
DA:24,0
DA:27,0
DA:28,0
LF:8
LH:5
end_of_record
SF:lib\core\constants\app_keys.dart
DA:5,0
LF:1
LH:0
end_of_record
SF:lib\core\network\api_client.dart
DA:10,0
DA:14,0
DA:15,0
DA:19,0
DA:20,0
DA:21,0
DA:23,0
DA:31,0
DA:39,0
DA:41,0
LF:10
LH:0
end_of_record
SF:lib\core\network\interceptors\auth_interceptor.dart
DA:9,0
DA:15,0
DA:16,0
DA:19,0
DA:20,0
DA:24,0
DA:27,0
DA:30,0
DA:31,0
DA:39,0
LF:10
LH:0
end_of_record
SF:lib\core\network\api_config.dart
DA:9,0
DA:12,0
DA:13,0
DA:14,0
DA:18,0
LF:5
LH:0
end_of_record
SF:lib\features\auth\data\repositories\mock_auth_repository.dart
DA:11,0
DA:18,0
DA:23,0
DA:25,0
DA:26,0
DA:34,0
DA:35,0
DA:43,0
DA:44,0
DA:52,0
DA:53,0
DA:61,0
DA:62,0
DA:70,0
DA:71,0
DA:74,0
DA:75,0
DA:80,0
DA:81,0
DA:87,0
LF:20
LH:0
end_of_record
SF:lib\features\auth\domain\models\application_status.dart
DA:36,1
DA:38,1
DA:40,1
DA:42,1
DA:44,1
DA:46,1
LF:6
LH:6
end_of_record
SF:lib\features\auth\providers\auth_provider.dart
DA:28,1
DA:40,1
DA:49,1
DA:50,1
DA:51,1
DA:52,1
DA:53,1
DA:54,1
DA:56,1
DA:57,1
DA:67,0
DA:69,3
DA:70,0
DA:74,0
DA:77,0
DA:85,4
DA:86,1
DA:95,1
DA:97,1
DA:101,1
DA:103,1
DA:104,1
DA:105,1
DA:106,1
DA:107,1
DA:109,1
DA:111,1
DA:112,1
DA:114,3
DA:119,1
DA:124,0
DA:128,0
DA:133,1
DA:134,3
DA:137,3
DA:139,1
DA:141,1
DA:142,1
DA:143,1
DA:144,1
DA:147,1
DA:148,1
DA:149,1
DA:150,1
DA:152,0
DA:155,3
DA:160,1
DA:163,0
DA:164,0
DA:169,0
DA:171,0
DA:172,0
DA:175,0
DA:180,0
DA:181,0
DA:184,0
DA:189,0
DA:193,0
DA:195,0
DA:196,0
DA:197,0
DA:198,0
DA:199,0
DA:201,0
DA:205,0
DA:206,0
LF:66
LH:40
end_of_record
